[2025-02-16 21:23:08,775] 1025 httpx - INFO - HTTP Request: GET https://dagshub.com/api/v1/user "HTTP/1.1 200 OK"
[2025-02-16 21:23:08,796] 107 dagshub - INFO - Accessing as Putek19
[2025-02-16 21:23:09,055] 1025 httpx - INFO - HTTP Request: GET https://dagshub.com/api/v1/repos/Putek19/mlproject-2 "HTTP/1.1 200 OK"
[2025-02-16 21:23:09,513] 1025 httpx - INFO - HTTP Request: GET https://dagshub.com/api/v1/user "HTTP/1.1 200 OK"
[2025-02-16 21:23:09,519] 107 dagshub - INFO - Initialized MLflow to track repo "Putek19/mlproject-2"
[2025-02-16 21:23:09,522] 107 dagshub - INFO - Repository Putek19/mlproject-2 initialized!
[2025-02-16 21:23:18,777] 23 root - INFO - Data ingestion started
[2025-02-16 21:23:20,143] 66 root - INFO - Performed data split into training and testing sets.
[2025-02-16 21:23:20,144] 72 root - INFO - Exporting training data and test data
[2025-02-16 21:23:20,314] 77 root - INFO - Exported training data and test data
[2025-02-16 21:23:20,337] 26 root - INFO - Data ingestion completed and artifact: DataIngestionArtifact(trained_file_path='Artifacts\\02_16_2025_21_22_58\\data_ingestion\\ingested\\train.csv', test_file_path='Artifacts\\02_16_2025_21_22_58\\data_ingestion\\ingested\\test.csv')
[2025-02-16 21:23:20,338] 34 root - INFO - Data validation started
[2025-02-16 21:23:20,456] 32 root - INFO - Required number of columns: 21
[2025-02-16 21:23:20,456] 33 root - INFO - Actual number of columns: 22
[2025-02-16 21:23:20,456] 32 root - INFO - Required number of columns: 21
[2025-02-16 21:23:20,457] 33 root - INFO - Actual number of columns: 22
[2025-02-16 21:23:20,458] 44 root - INFO - Required number of numerical columns: 3
[2025-02-16 21:23:20,458] 45 root - INFO - Actual number of numerical columns: 3
[2025-02-16 21:23:20,460] 44 root - INFO - Required number of numerical columns: 3
[2025-02-16 21:23:20,460] 45 root - INFO - Actual number of numerical columns: 3
[2025-02-16 21:23:21,239] 37 root - INFO - Data validation completed and artifact: DataValidationArtifact(validation_status=None, valid_train_file_path='Artifacts\\02_16_2025_21_22_58\\data_ingestion\\ingested\\train.csv', valid_test_file_path='Artifacts\\02_16_2025_21_22_58\\data_ingestion\\ingested\\test.csv', invalid_train_file_path=None, invalid_test_file_path=None, drift_report_file_path='Artifacts\\02_16_2025_21_22_58\\data_validation\\drift_report\\report.yaml')
[2025-02-16 21:23:21,239] 45 root - INFO - Data transformation started
[2025-02-16 21:23:21,239] 61 root - INFO - Initiating data transformation...
[2025-02-16 21:23:21,239] 63 root - INFO - Starting data transformation
[2025-02-16 21:23:22,130] 96 root - INFO - Data transformation completed
[2025-02-16 21:23:22,138] 40 root - INFO - Saving object to Artifacts\02_16_2025_21_22_58\data_transformation\transformed_object\preprocessing.pkl
[2025-02-16 21:23:22,145] 48 root - INFO - Data transformation completed and artifact: DataTransformationArtifact(transformed_object_file_path='Artifacts\\02_16_2025_21_22_58\\data_transformation\\transformed_object\\preprocessing.pkl', transformed_train_file_path='Artifacts\\02_16_2025_21_22_58\\data_transformation\\transformed\\train.npy', transformed_test_file_path='Artifacts\\02_16_2025_21_22_58\\data_transformation\\transformed\\test.npy')
[2025-02-16 21:23:22,145] 56 root - INFO - Model training started
