[2025-02-22 13:01:45,669] 74 dagshub.auth.tokens - INFO - Removed expired tokens from the token cache
[2025-02-22 13:01:51,069] 1025 httpx - INFO - HTTP Request: POST https://dagshub.com/login/oauth/middleman "HTTP/1.1 200 OK"
[2025-02-22 13:01:51,371] 1025 httpx - INFO - HTTP Request: POST https://dagshub.com/login/oauth/access_token "HTTP/1.1 200 OK"
[2025-02-22 13:01:51,575] 1025 httpx - INFO - HTTP Request: GET https://dagshub.com/api/v1/user "HTTP/1.1 200 OK"
[2025-02-22 13:01:51,581] 107 dagshub - INFO - Accessing as Putek19
[2025-02-22 13:01:51,930] 1025 httpx - INFO - HTTP Request: GET https://dagshub.com/api/v1/repos/Putek19/mlproject-2 "HTTP/1.1 200 OK"
[2025-02-22 13:01:52,128] 1025 httpx - INFO - HTTP Request: GET https://dagshub.com/api/v1/user "HTTP/1.1 200 OK"
[2025-02-22 13:01:52,128] 107 dagshub - INFO - Initialized MLflow to track repo "Putek19/mlproject-2"
[2025-02-22 13:01:52,128] 107 dagshub - INFO - Repository Putek19/mlproject-2 initialized!
[2025-02-22 13:02:08,966] 23 root - INFO - Data ingestion started
[2025-02-22 13:02:10,388] 66 root - INFO - Performed data split into training and testing sets.
[2025-02-22 13:02:10,392] 72 root - INFO - Exporting training data and test data
[2025-02-22 13:02:10,498] 77 root - INFO - Exported training data and test data
[2025-02-22 13:02:10,518] 26 root - INFO - Data ingestion completed and artifact: DataIngestionArtifact(trained_file_path='Artifacts\\02_22_2025_13_01_39\\data_ingestion\\ingested\\train.csv', test_file_path='Artifacts\\02_22_2025_13_01_39\\data_ingestion\\ingested\\test.csv')
[2025-02-22 13:02:10,518] 34 root - INFO - Data validation started
[2025-02-22 13:02:10,598] 32 root - INFO - Required number of columns: 21
[2025-02-22 13:02:10,598] 33 root - INFO - Actual number of columns: 22
[2025-02-22 13:02:10,598] 32 root - INFO - Required number of columns: 21
[2025-02-22 13:02:10,598] 33 root - INFO - Actual number of columns: 22
[2025-02-22 13:02:10,601] 44 root - INFO - Required number of numerical columns: 3
[2025-02-22 13:02:10,601] 45 root - INFO - Actual number of numerical columns: 3
[2025-02-22 13:02:10,601] 44 root - INFO - Required number of numerical columns: 3
[2025-02-22 13:02:10,601] 45 root - INFO - Actual number of numerical columns: 3
[2025-02-22 13:02:11,033] 37 root - INFO - Data validation completed and artifact: DataValidationArtifact(validation_status=None, valid_train_file_path='Artifacts\\02_22_2025_13_01_39\\data_ingestion\\ingested\\train.csv', valid_test_file_path='Artifacts\\02_22_2025_13_01_39\\data_ingestion\\ingested\\test.csv', invalid_train_file_path=None, invalid_test_file_path=None, drift_report_file_path='Artifacts\\02_22_2025_13_01_39\\data_validation\\drift_report\\report.yaml')
[2025-02-22 13:02:11,037] 45 root - INFO - Data transformation started
[2025-02-22 13:02:11,037] 61 root - INFO - Initiating data transformation...
[2025-02-22 13:02:11,037] 63 root - INFO - Starting data transformation
[2025-02-22 13:02:11,538] 101 root - INFO - Data transformation completed
[2025-02-22 13:02:11,544] 40 root - INFO - Saving object to Artifacts\02_22_2025_13_01_39\data_transformation\transformed_object\preprocessing.pkl
[2025-02-22 13:02:11,548] 48 root - INFO - Data transformation completed and artifact: DataTransformationArtifact(transformed_object_file_path='Artifacts\\02_22_2025_13_01_39\\data_transformation\\transformed_object\\preprocessing.pkl', transformed_train_file_path='Artifacts\\02_22_2025_13_01_39\\data_transformation\\transformed\\train.npy', transformed_test_file_path='Artifacts\\02_22_2025_13_01_39\\data_transformation\\transformed\\test.npy')
[2025-02-22 13:02:11,548] 56 root - INFO - Model training started
[2025-02-22 13:15:53,570] 40 root - INFO - Saving object to Artifacts\02_22_2025_13_01_39\model_trainer\trained_model\model.pkl
[2025-02-22 13:15:53,571] 40 root - INFO - Saving object to final_model/model.pkl
[2025-02-22 13:15:53,579] 105 root - INFO - Model training completed successfully
[2025-02-22 13:15:53,593] 59 root - INFO - Model training completed and artifact: ModelTrainerArtifact(trained_model_file_path='Artifacts\\02_22_2025_13_01_39\\model_trainer\\trained_model\\model.pkl', train_metric_artifact=ClassificationMetricArtifact(f1_score=0.8039874551971327, precision_score=0.7486441385064664, recall_score=0.8681664247701983), test_metric_artifact=ClassificationMetricArtifact(f1_score=0.8050810337275515, precision_score=0.7393403057119872, recall_score=0.8836538461538461))
