[2025-02-17 23:06:16,602] 74 dagshub.auth.tokens - INFO - Removed expired tokens from the token cache
[2025-02-17 23:06:24,287] 1025 httpx - INFO - HTTP Request: POST https://dagshub.com/login/oauth/middleman "HTTP/1.1 200 OK"
[2025-02-17 23:06:24,534] 1025 httpx - INFO - HTTP Request: POST https://dagshub.com/login/oauth/access_token "HTTP/1.1 200 OK"
[2025-02-17 23:06:24,786] 1025 httpx - INFO - HTTP Request: GET https://dagshub.com/api/v1/user "HTTP/1.1 200 OK"
[2025-02-17 23:06:24,796] 107 dagshub - INFO - Accessing as Putek19
[2025-02-17 23:06:25,155] 1025 httpx - INFO - HTTP Request: GET https://dagshub.com/api/v1/repos/Putek19/mlproject-2 "HTTP/1.1 200 OK"
[2025-02-17 23:06:25,519] 1025 httpx - INFO - HTTP Request: GET https://dagshub.com/api/v1/user "HTTP/1.1 200 OK"
[2025-02-17 23:06:25,537] 107 dagshub - INFO - Initialized MLflow to track repo "Putek19/mlproject-2"
[2025-02-17 23:06:25,537] 107 dagshub - INFO - Repository Putek19/mlproject-2 initialized!
[2025-02-17 23:06:32,713] 23 root - INFO - Data ingestion started
[2025-02-17 23:06:34,728] 66 root - INFO - Performed data split into training and testing sets.
[2025-02-17 23:06:34,734] 72 root - INFO - Exporting training data and test data
[2025-02-17 23:06:34,894] 77 root - INFO - Exported training data and test data
[2025-02-17 23:06:34,917] 26 root - INFO - Data ingestion completed and artifact: DataIngestionArtifact(trained_file_path='Artifacts\\02_17_2025_23_05_43\\data_ingestion\\ingested\\train.csv', test_file_path='Artifacts\\02_17_2025_23_05_43\\data_ingestion\\ingested\\test.csv')
[2025-02-17 23:06:34,918] 34 root - INFO - Data validation started
[2025-02-17 23:06:35,053] 32 root - INFO - Required number of columns: 21
[2025-02-17 23:06:35,053] 33 root - INFO - Actual number of columns: 22
[2025-02-17 23:06:35,053] 32 root - INFO - Required number of columns: 21
[2025-02-17 23:06:35,053] 33 root - INFO - Actual number of columns: 22
[2025-02-17 23:06:35,058] 44 root - INFO - Required number of numerical columns: 3
[2025-02-17 23:06:35,058] 45 root - INFO - Actual number of numerical columns: 3
[2025-02-17 23:06:35,058] 44 root - INFO - Required number of numerical columns: 3
[2025-02-17 23:06:35,060] 45 root - INFO - Actual number of numerical columns: 3
[2025-02-17 23:06:35,969] 37 root - INFO - Data validation completed and artifact: DataValidationArtifact(validation_status=None, valid_train_file_path='Artifacts\\02_17_2025_23_05_43\\data_ingestion\\ingested\\train.csv', valid_test_file_path='Artifacts\\02_17_2025_23_05_43\\data_ingestion\\ingested\\test.csv', invalid_train_file_path=None, invalid_test_file_path=None, drift_report_file_path='Artifacts\\02_17_2025_23_05_43\\data_validation\\drift_report\\report.yaml')
[2025-02-17 23:06:35,969] 45 root - INFO - Data transformation started
[2025-02-17 23:06:35,969] 61 root - INFO - Initiating data transformation...
[2025-02-17 23:06:35,969] 63 root - INFO - Starting data transformation
[2025-02-17 23:06:38,521] 96 root - INFO - Data transformation completed
[2025-02-17 23:06:38,534] 40 root - INFO - Saving object to Artifacts\02_17_2025_23_05_43\data_transformation\transformed_object\preprocessing.pkl
[2025-02-17 23:06:38,545] 48 root - INFO - Data transformation completed and artifact: DataTransformationArtifact(transformed_object_file_path='Artifacts\\02_17_2025_23_05_43\\data_transformation\\transformed_object\\preprocessing.pkl', transformed_train_file_path='Artifacts\\02_17_2025_23_05_43\\data_transformation\\transformed\\train.npy', transformed_test_file_path='Artifacts\\02_17_2025_23_05_43\\data_transformation\\transformed\\test.npy')
[2025-02-17 23:06:38,546] 56 root - INFO - Model training started
[2025-02-17 23:37:15,440] 40 root - INFO - Saving object to Artifacts\02_17_2025_23_05_43\model_trainer\trained_model
[2025-02-17 23:37:15,440] 40 root - INFO - Saving object to final_model/model.pkl
[2025-02-17 23:37:15,452] 104 root - INFO - Model training completed successfully
[2025-02-17 23:37:15,466] 59 root - INFO - Model training completed and artifact: ModelTrainerArtifact(trained_model_file_path='Artifacts\\02_17_2025_23_05_43\\model_trainer\\trained_model', train_metric_artifact=ClassificationMetricArtifact(f1_score=0.8039874551971327, precision_score=0.7486441385064664, recall_score=0.8681664247701983), test_metric_artifact=ClassificationMetricArtifact(f1_score=0.614, precision_score=0.4865293185419968, recall_score=0.8319783197831978))
