[2025-02-16 20:37:57,229] 1025 httpx - INFO - HTTP Request: POST https://dagshub.com/login/oauth/middleman "HTTP/1.1 200 OK"
[2025-02-16 20:37:57,453] 1025 httpx - INFO - HTTP Request: POST https://dagshub.com/login/oauth/access_token "HTTP/1.1 200 OK"
[2025-02-16 20:37:57,701] 1025 httpx - INFO - HTTP Request: GET https://dagshub.com/api/v1/user "HTTP/1.1 200 OK"
[2025-02-16 20:37:57,710] 107 dagshub - INFO - Accessing as Putek19
[2025-02-16 20:37:57,973] 1025 httpx - INFO - HTTP Request: GET https://dagshub.com/api/v1/repos/Putek19/mlproject-2 "HTTP/1.1 200 OK"
[2025-02-16 20:37:58,214] 1025 httpx - INFO - HTTP Request: GET https://dagshub.com/api/v1/user "HTTP/1.1 200 OK"
[2025-02-16 20:37:58,220] 107 dagshub - INFO - Initialized MLflow to track repo "Putek19/mlproject-2"
[2025-02-16 20:37:58,222] 107 dagshub - INFO - Repository Putek19/mlproject-2 initialized!
[2025-02-16 20:38:40,720] 23 root - INFO - Data ingestion started
[2025-02-16 20:38:42,403] 66 root - INFO - Performed data split into training and testing sets.
[2025-02-16 20:38:42,404] 72 root - INFO - Exporting training data and test data
[2025-02-16 20:38:42,576] 77 root - INFO - Exported training data and test data
[2025-02-16 20:38:42,598] 26 root - INFO - Data ingestion completed and artifact: DataIngestionArtifact(trained_file_path='Artifacts\\02_16_2025_20_37_24\\data_ingestion\\ingested\\train.csv', test_file_path='Artifacts\\02_16_2025_20_37_24\\data_ingestion\\ingested\\test.csv')
[2025-02-16 20:38:42,599] 34 root - INFO - Data validation started
[2025-02-16 20:38:42,743] 32 root - INFO - Required number of columns: 21
[2025-02-16 20:38:42,743] 33 root - INFO - Actual number of columns: 22
[2025-02-16 20:38:42,743] 32 root - INFO - Required number of columns: 21
[2025-02-16 20:38:42,744] 33 root - INFO - Actual number of columns: 22
[2025-02-16 20:38:42,746] 44 root - INFO - Required number of numerical columns: 3
[2025-02-16 20:38:42,746] 45 root - INFO - Actual number of numerical columns: 3
[2025-02-16 20:38:42,749] 44 root - INFO - Required number of numerical columns: 3
[2025-02-16 20:38:42,749] 45 root - INFO - Actual number of numerical columns: 3
[2025-02-16 20:38:43,686] 37 root - INFO - Data validation completed and artifact: DataValidationArtifact(validation_status=None, valid_train_file_path='Artifacts\\02_16_2025_20_37_24\\data_ingestion\\ingested\\train.csv', valid_test_file_path='Artifacts\\02_16_2025_20_37_24\\data_ingestion\\ingested\\test.csv', invalid_train_file_path=None, invalid_test_file_path=None, drift_report_file_path='Artifacts\\02_16_2025_20_37_24\\data_validation\\drift_report\\report.yaml')
[2025-02-16 20:38:43,686] 45 root - INFO - Data transformation started
[2025-02-16 20:38:43,686] 60 root - INFO - Initiating data transformation...
[2025-02-16 20:38:43,686] 62 root - INFO - Starting data transformation
[2025-02-16 20:38:44,004] 87 root - INFO - Data transformation completed
[2025-02-16 20:38:44,014] 40 root - INFO - Saving object to Artifacts\02_16_2025_20_37_24\data_transformation\transformed_object\preprocessing.pkl
[2025-02-16 20:38:44,017] 40 root - INFO - Saving object to final_models/preprocessor.pkl
[2025-02-16 20:38:44,022] 48 root - INFO - Data transformation completed and artifact: DataTransformationArtifact(transformed_object_file_path='Artifacts\\02_16_2025_20_37_24\\data_transformation\\transformed_object\\preprocessing.pkl', transformed_train_file_path='Artifacts\\02_16_2025_20_37_24\\data_transformation\\transformed\\train.npy', transformed_test_file_path='Artifacts\\02_16_2025_20_37_24\\data_transformation\\transformed\\test.npy')
[2025-02-16 20:38:44,023] 56 root - INFO - Model training started
[2025-02-16 20:56:20,653] 40 root - INFO - Saving object to Artifacts\02_16_2025_20_37_24\model_trainer\trained_model
[2025-02-16 20:56:20,657] 40 root - INFO - Saving object to final_model/model.pkl
[2025-02-16 20:56:20,659] 104 root - INFO - Model training completed successfully
[2025-02-16 20:56:20,666] 59 root - INFO - Model training completed and artifact: ModelTrainerArtifact(trained_model_file_path='Artifacts\\02_16_2025_20_37_24\\model_trainer\\trained_model', train_metric_artifact=ClassificationMetricArtifact(f1_score=0.6012931034482759, precision_score=0.6518691588785047, recall_score=0.558), test_metric_artifact=ClassificationMetricArtifact(f1_score=0.6289855072463768, precision_score=0.67601246105919, recall_score=0.5880758807588076))
